{"/Users/buraksaraloglu/personalDev/aphrodite/src/App.tsx": {"path":"/Users/buraksaraloglu/personalDev/aphrodite/src/App.tsx","statementMap":{"0":{"start":{"line":18,"column":18},"end":{"line":18,"column":75}},"1":{"start":{"line":18,"column":35},"end":{"line":18,"column":74}},"2":{"start":{"line":20,"column":0},"end":{"line":20,"column":29}},"3":{"start":{"line":22,"column":16},"end":{"line":45,"column":1}},"4":{"start":{"line":23,"column":16},"end":{"line":23,"column":40}},"5":{"start":{"line":25,"column":2},"end":{"line":44,"column":4}}},"fnMap":{"0":{"name":"(anonymous_0)","decl":{"start":{"line":18,"column":29},"end":{"line":18,"column":30}},"loc":{"start":{"line":18,"column":35},"end":{"line":18,"column":74}},"line":18},"1":{"name":"(anonymous_1)","decl":{"start":{"line":22,"column":16},"end":{"line":22,"column":17}},"loc":{"start":{"line":22,"column":22},"end":{"line":45,"column":1}},"line":22}},"branchMap":{"0":{"loc":{"start":{"line":29,"column":11},"end":{"line":40,"column":11}},"type":"cond-expr","locations":[{"start":{"line":30,"column":12},"end":{"line":35,"column":29}},{"start":{"line":37,"column":12},"end":{"line":39,"column":28}}],"line":29}},"s":{"0":0,"1":0,"2":0,"3":0,"4":0,"5":0},"f":{"0":0,"1":0},"b":{"0":[0,0]}}
,"/Users/buraksaraloglu/personalDev/aphrodite/src/aws-exports.js": {"path":"/Users/buraksaraloglu/personalDev/aphrodite/src/aws-exports.js","statementMap":{"0":{"start":{"line":3,"column":0},"end":{"line":3,"column":27}},"1":{"start":{"line":5,"column":18},"end":{"line":24,"column":1}}},"fnMap":{},"branchMap":{},"s":{"0":0,"1":0},"f":{},"b":{}}
,"/Users/buraksaraloglu/personalDev/aphrodite/src/components/Error/index.tsx": {"path":"/Users/buraksaraloglu/personalDev/aphrodite/src/components/Error/index.tsx","statementMap":{"0":{"start":{"line":8,"column":49},"end":{"line":25,"column":1}},"1":{"start":{"line":9,"column":2},"end":{"line":24,"column":10}},"2":{"start":{"line":27,"column":47},"end":{"line":33,"column":1}},"3":{"start":{"line":28,"column":2},"end":{"line":32,"column":10}}},"fnMap":{"0":{"name":"(anonymous_0)","decl":{"start":{"line":8,"column":49},"end":{"line":8,"column":50}},"loc":{"start":{"line":9,"column":2},"end":{"line":24,"column":10}},"line":9},"1":{"name":"(anonymous_1)","decl":{"start":{"line":27,"column":47},"end":{"line":27,"column":48}},"loc":{"start":{"line":28,"column":2},"end":{"line":32,"column":10}},"line":28}},"branchMap":{"0":{"loc":{"start":{"line":8,"column":68},"end":{"line":8,"column":84}},"type":"default-arg","locations":[{"start":{"line":8,"column":77},"end":{"line":8,"column":84}}],"line":8},"1":{"loc":{"start":{"line":18,"column":5},"end":{"line":22,"column":5}},"type":"binary-expr","locations":[{"start":{"line":18,"column":5},"end":{"line":18,"column":10}},{"start":{"line":19,"column":6},"end":{"line":21,"column":19}}],"line":18},"2":{"loc":{"start":{"line":27,"column":66},"end":{"line":27,"column":82}},"type":"default-arg","locations":[{"start":{"line":27,"column":75},"end":{"line":27,"column":82}}],"line":27},"3":{"loc":{"start":{"line":30,"column":5},"end":{"line":30,"column":53}},"type":"binary-expr","locations":[{"start":{"line":30,"column":5},"end":{"line":30,"column":10}},{"start":{"line":30,"column":14},"end":{"line":30,"column":53}}],"line":30}},"s":{"0":1,"1":2,"2":1,"3":2},"f":{"0":2,"1":2},"b":{"0":[2],"1":[2,1],"2":[2],"3":[2,1]},"_coverageSchema":"1a1c01bbd47fc00a2c39e90264f33305004495a9","hash":"c8ecd66dd4b2043ec864dd21cf18076d86eb0136"}
,"/Users/buraksaraloglu/personalDev/aphrodite/src/pages/landing/index.tsx": {"path":"/Users/buraksaraloglu/personalDev/aphrodite/src/pages/landing/index.tsx","statementMap":{"0":{"start":{"line":8,"column":26},"end":{"line":18,"column":1}},"1":{"start":{"line":9,"column":2},"end":{"line":17,"column":4}}},"fnMap":{"0":{"name":"(anonymous_0)","decl":{"start":{"line":8,"column":26},"end":{"line":8,"column":27}},"loc":{"start":{"line":8,"column":32},"end":{"line":18,"column":1}},"line":8}},"branchMap":{},"s":{"0":1,"1":1},"f":{"0":1},"b":{},"_coverageSchema":"1a1c01bbd47fc00a2c39e90264f33305004495a9","hash":"9d51eb80c49942430a60599bbda8878c321b3091"}
,"/Users/buraksaraloglu/personalDev/aphrodite/src/pages/login/index.tsx": {"path":"/Users/buraksaraloglu/personalDev/aphrodite/src/pages/login/index.tsx","statementMap":{"0":{"start":{"line":26,"column":25},"end":{"line":26,"column":80}},"1":{"start":{"line":26,"column":31},"end":{"line":26,"column":80}},"2":{"start":{"line":33,"column":24},"end":{"line":131,"column":1}},"3":{"start":{"line":34,"column":18},"end":{"line":34,"column":45}},"4":{"start":{"line":35,"column":32},"end":{"line":35,"column":47}},"5":{"start":{"line":36,"column":28},"end":{"line":36,"column":57}},"6":{"start":{"line":38,"column":37},"end":{"line":41,"column":3}},"7":{"start":{"line":43,"column":23},"end":{"line":55,"column":3}},"8":{"start":{"line":44,"column":4},"end":{"line":54,"column":5}},"9":{"start":{"line":45,"column":6},"end":{"line":45,"column":23}},"10":{"start":{"line":46,"column":6},"end":{"line":53,"column":42}},"11":{"start":{"line":48,"column":10},"end":{"line":48,"column":37}},"12":{"start":{"line":51,"column":10},"end":{"line":51,"column":32}},"13":{"start":{"line":53,"column":23},"end":{"line":53,"column":40}},"14":{"start":{"line":57,"column":2},"end":{"line":130,"column":4}},"15":{"start":{"line":61,"column":10},"end":{"line":109,"column":17}},"16":{"start":{"line":69,"column":18},"end":{"line":73,"column":32}},"17":{"start":{"line":78,"column":18},"end":{"line":88,"column":32}}},"fnMap":{"0":{"name":"(anonymous_0)","decl":{"start":{"line":26,"column":25},"end":{"line":26,"column":26}},"loc":{"start":{"line":26,"column":31},"end":{"line":26,"column":80}},"line":26},"1":{"name":"(anonymous_1)","decl":{"start":{"line":33,"column":24},"end":{"line":33,"column":25}},"loc":{"start":{"line":33,"column":30},"end":{"line":131,"column":1}},"line":33},"2":{"name":"(anonymous_2)","decl":{"start":{"line":43,"column":23},"end":{"line":43,"column":24}},"loc":{"start":{"line":43,"column":61},"end":{"line":55,"column":3}},"line":43},"3":{"name":"(anonymous_3)","decl":{"start":{"line":47,"column":14},"end":{"line":47,"column":15}},"loc":{"start":{"line":47,"column":41},"end":{"line":49,"column":9}},"line":47},"4":{"name":"(anonymous_4)","decl":{"start":{"line":50,"column":15},"end":{"line":50,"column":16}},"loc":{"start":{"line":50,"column":22},"end":{"line":52,"column":9}},"line":50},"5":{"name":"(anonymous_5)","decl":{"start":{"line":53,"column":17},"end":{"line":53,"column":18}},"loc":{"start":{"line":53,"column":23},"end":{"line":53,"column":40}},"line":53},"6":{"name":"(anonymous_6)","decl":{"start":{"line":60,"column":9},"end":{"line":60,"column":10}},"loc":{"start":{"line":61,"column":10},"end":{"line":109,"column":17}},"line":61},"7":{"name":"(anonymous_7)","decl":{"start":{"line":68,"column":17},"end":{"line":68,"column":18}},"loc":{"start":{"line":69,"column":18},"end":{"line":73,"column":32}},"line":69},"8":{"name":"(anonymous_8)","decl":{"start":{"line":77,"column":17},"end":{"line":77,"column":18}},"loc":{"start":{"line":78,"column":18},"end":{"line":88,"column":32}},"line":78}},"branchMap":{"0":{"loc":{"start":{"line":44,"column":4},"end":{"line":54,"column":5}},"type":"if","locations":[{"start":{"line":44,"column":4},"end":{"line":54,"column":5}},{"start":{"line":44,"column":4},"end":{"line":54,"column":5}}],"line":44},"1":{"loc":{"start":{"line":44,"column":8},"end":{"line":44,"column":25}},"type":"binary-expr","locations":[{"start":{"line":44,"column":8},"end":{"line":44,"column":13}},{"start":{"line":44,"column":17},"end":{"line":44,"column":25}}],"line":44},"2":{"loc":{"start":{"line":66,"column":15},"end":{"line":66,"column":58}},"type":"binary-expr","locations":[{"start":{"line":66,"column":15},"end":{"line":66,"column":20}},{"start":{"line":66,"column":24},"end":{"line":66,"column":58}}],"line":66},"3":{"loc":{"start":{"line":69,"column":42},"end":{"line":69,"column":81}},"type":"binary-expr","locations":[{"start":{"line":69,"column":42},"end":{"line":69,"column":59}},{"start":{"line":69,"column":63},"end":{"line":69,"column":81}}],"line":69},"4":{"loc":{"start":{"line":78,"column":42},"end":{"line":78,"column":87}},"type":"binary-expr","locations":[{"start":{"line":78,"column":42},"end":{"line":78,"column":62}},{"start":{"line":78,"column":66},"end":{"line":78,"column":87}}],"line":78}},"s":{"0":0,"1":0,"2":0,"3":0,"4":0,"5":0,"6":0,"7":0,"8":0,"9":0,"10":0,"11":0,"12":0,"13":0,"14":0,"15":0,"16":0,"17":0},"f":{"0":0,"1":0,"2":0,"3":0,"4":0,"5":0,"6":0,"7":0,"8":0},"b":{"0":[0,0],"1":[0,0],"2":[0,0],"3":[0,0],"4":[0,0]}}
,"/Users/buraksaraloglu/personalDev/aphrodite/src/shared/routes.ts": {"path":"/Users/buraksaraloglu/personalDev/aphrodite/src/shared/routes.ts","statementMap":{"0":{"start":{"line":16,"column":30},"end":{"line":75,"column":1}},"1":{"start":{"line":77,"column":15},"end":{"line":77,"column":24}},"2":{"start":{"line":79,"column":0},"end":{"line":81,"column":3}},"3":{"start":{"line":80,"column":2},"end":{"line":80,"column":32}},"4":{"start":{"line":83,"column":37},"end":{"line":83,"column":65}}},"fnMap":{"0":{"name":"(anonymous_0)","decl":{"start":{"line":79,"column":19},"end":{"line":79,"column":20}},"loc":{"start":{"line":79,"column":28},"end":{"line":81,"column":1}},"line":79}},"branchMap":{},"s":{"0":2,"1":2,"2":2,"3":14,"4":2},"f":{"0":14},"b":{},"_coverageSchema":"1a1c01bbd47fc00a2c39e90264f33305004495a9","hash":"1325f5967d5f7c7e449359d2a6947fcee52d2bb1"}
}
